[3.712s] Invoking command in '/home/rosbot3/navigation2_ws/src/my_first_package': PYTHONPATH=/home/rosbot3/navigation2_ws/build/my_first_package/prefix_override:/home/rosbot3/navigation2_ws/install/my_first_package/lib/python3.10/site-packages:${PYTHONPATH} /usr/bin/python3 -W ignore:setup.py install is deprecated setup.py egg_info --egg-base ../../build/my_first_package build --build-base /home/rosbot3/navigation2_ws/build/my_first_package/build install --record /home/rosbot3/navigation2_ws/build/my_first_package/install.log --single-version-externally-managed install_data
[4.165s] running egg_info
[4.167s] creating ../../build/my_first_package/my_first_package.egg-info
[4.167s] writing ../../build/my_first_package/my_first_package.egg-info/PKG-INFO
[4.168s] writing dependency_links to ../../build/my_first_package/my_first_package.egg-info/dependency_links.txt
[4.168s] writing entry points to ../../build/my_first_package/my_first_package.egg-info/entry_points.txt
[4.168s] writing requirements to ../../build/my_first_package/my_first_package.egg-info/requires.txt
[4.168s] writing top-level names to ../../build/my_first_package/my_first_package.egg-info/top_level.txt
[4.169s] writing manifest file '../../build/my_first_package/my_first_package.egg-info/SOURCES.txt'
[4.171s] reading manifest file '../../build/my_first_package/my_first_package.egg-info/SOURCES.txt'
[4.172s] writing manifest file '../../build/my_first_package/my_first_package.egg-info/SOURCES.txt'
[4.173s] running build
[4.173s] running build_py
[4.173s] creating /home/rosbot3/navigation2_ws/build/my_first_package/build
[4.174s] creating /home/rosbot3/navigation2_ws/build/my_first_package/build/lib
[4.174s] creating /home/rosbot3/navigation2_ws/build/my_first_package/build/lib/my_first_package
[4.174s] copying my_first_package/__init__.py -> /home/rosbot3/navigation2_ws/build/my_first_package/build/lib/my_first_package
[4.174s] running install
[4.174s] running install_lib
[4.176s] creating /home/rosbot3/navigation2_ws/install/my_first_package/lib/python3.10/site-packages/my_first_package
[4.176s] copying /home/rosbot3/navigation2_ws/build/my_first_package/build/lib/my_first_package/__init__.py -> /home/rosbot3/navigation2_ws/install/my_first_package/lib/python3.10/site-packages/my_first_package
[4.177s] byte-compiling /home/rosbot3/navigation2_ws/install/my_first_package/lib/python3.10/site-packages/my_first_package/__init__.py to __init__.cpython-310.pyc
[4.177s] running install_data
[4.177s] creating /home/rosbot3/navigation2_ws/install/my_first_package/share/ament_index
[4.178s] creating /home/rosbot3/navigation2_ws/install/my_first_package/share/ament_index/resource_index
[4.178s] creating /home/rosbot3/navigation2_ws/install/my_first_package/share/ament_index/resource_index/packages
[4.178s] copying resource/my_first_package -> /home/rosbot3/navigation2_ws/install/my_first_package/share/ament_index/resource_index/packages
[4.178s] copying package.xml -> /home/rosbot3/navigation2_ws/install/my_first_package/share/my_first_package
[4.179s] running install_egg_info
[4.181s] Copying ../../build/my_first_package/my_first_package.egg-info to /home/rosbot3/navigation2_ws/install/my_first_package/lib/python3.10/site-packages/my_first_package-0.0.0-py3.10.egg-info
[4.183s] running install_scripts
[4.212s] writing list of installed files to '/home/rosbot3/navigation2_ws/build/my_first_package/install.log'
[4.253s] Invoked command in '/home/rosbot3/navigation2_ws/src/my_first_package' returned '0': PYTHONPATH=/home/rosbot3/navigation2_ws/build/my_first_package/prefix_override:/home/rosbot3/navigation2_ws/install/my_first_package/lib/python3.10/site-packages:${PYTHONPATH} /usr/bin/python3 -W ignore:setup.py install is deprecated setup.py egg_info --egg-base ../../build/my_first_package build --build-base /home/rosbot3/navigation2_ws/build/my_first_package/build install --record /home/rosbot3/navigation2_ws/build/my_first_package/install.log --single-version-externally-managed install_data
