[1.331s] DEBUG:colcon:Command line arguments: ['/usr/bin/colcon', 'build']
[1.331s] DEBUG:colcon:Parsed command line arguments: Namespace(log_base=None, log_level=None, verb_name='build', build_base='build', install_base='install', merge_install=False, symlink_install=False, test_result_base=None, continue_on_error=False, executor='parallel', parallel_workers=4, event_handlers=None, ignore_user_meta=False, metas=['./colcon.meta'], base_paths=['.'], packages_ignore=None, packages_ignore_regex=None, paths=None, packages_up_to=None, packages_up_to_regex=None, packages_above=None, packages_above_and_dependencies=None, packages_above_depth=None, packages_select_by_dep=None, packages_skip_by_dep=None, packages_skip_up_to=None, packages_select_build_failed=False, packages_skip_build_finished=False, packages_select_test_failures=False, packages_skip_test_passed=False, packages_select=None, packages_skip=None, packages_select_regex=None, packages_skip_regex=None, packages_start=None, packages_end=None, allow_overriding=[], cmake_args=None, cmake_target=None, cmake_target_skip_unavailable=False, cmake_clean_cache=False, cmake_clean_first=False, cmake_force_configure=False, ament_cmake_args=None, catkin_cmake_args=None, catkin_skip_building_tests=False, verb_parser=<colcon_defaults.argument_parser.defaults.DefaultArgumentsDecorator object at 0x7d853f8382e0>, verb_extension=<colcon_core.verb.build.BuildVerb object at 0x7d853f807ca0>, main=<bound method BuildVerb.main of <colcon_core.verb.build.BuildVerb object at 0x7d853f807ca0>>)
[6.354s] Level 1:colcon.colcon_core.package_discovery:discover_packages(colcon_meta) check parameters
[6.354s] Level 1:colcon.colcon_core.package_discovery:discover_packages(recursive) check parameters
[6.354s] Level 1:colcon.colcon_core.package_discovery:discover_packages(ignore) check parameters
[6.355s] Level 1:colcon.colcon_core.package_discovery:discover_packages(path) check parameters
[6.355s] Level 1:colcon.colcon_core.package_discovery:discover_packages(colcon_meta) discover
[6.355s] Level 1:colcon.colcon_core.package_discovery:discover_packages(recursive) discover
[6.355s] INFO:colcon.colcon_core.package_discovery:Crawling recursively for packages in '/home/rosbot3/navigation2_ws'
[6.356s] Level 1:colcon.colcon_core.package_identification:_identify(.) by extensions ['ignore', 'ignore_ament_install']
[6.357s] Level 1:colcon.colcon_core.package_identification:_identify(.) by extension 'ignore'
[6.357s] Level 1:colcon.colcon_core.package_identification:_identify(.) by extension 'ignore_ament_install'
[6.358s] Level 1:colcon.colcon_core.package_identification:_identify(.) by extensions ['colcon_pkg']
[6.358s] Level 1:colcon.colcon_core.package_identification:_identify(.) by extension 'colcon_pkg'
[6.358s] Level 1:colcon.colcon_core.package_identification:_identify(.) by extensions ['colcon_meta']
[6.358s] Level 1:colcon.colcon_core.package_identification:_identify(.) by extension 'colcon_meta'
[6.359s] Level 1:colcon.colcon_core.package_identification:_identify(.) by extensions ['ros']
[6.359s] Level 1:colcon.colcon_core.package_identification:_identify(.) by extension 'ros'
[6.408s] Level 1:colcon.colcon_core.package_identification:_identify(.) by extensions ['cmake', 'python']
[6.409s] Level 1:colcon.colcon_core.package_identification:_identify(.) by extension 'cmake'
[6.409s] Level 1:colcon.colcon_core.package_identification:_identify(.) by extension 'python'
[6.409s] Level 1:colcon.colcon_core.package_identification:_identify(.) by extensions ['python_setup_py']
[6.409s] Level 1:colcon.colcon_core.package_identification:_identify(.) by extension 'python_setup_py'
[6.409s] Level 1:colcon.colcon_core.package_identification:_identify(build) by extensions ['ignore', 'ignore_ament_install']
[6.410s] Level 1:colcon.colcon_core.package_identification:_identify(build) by extension 'ignore'
[6.410s] Level 1:colcon.colcon_core.package_identification:_identify(build) ignored
[6.428s] Level 1:colcon.colcon_core.package_identification:_identify(install) by extensions ['ignore', 'ignore_ament_install']
[6.428s] Level 1:colcon.colcon_core.package_identification:_identify(install) by extension 'ignore'
[6.429s] Level 1:colcon.colcon_core.package_identification:_identify(install) ignored
[6.429s] Level 1:colcon.colcon_core.package_identification:_identify(log) by extensions ['ignore', 'ignore_ament_install']
[6.429s] Level 1:colcon.colcon_core.package_identification:_identify(log) by extension 'ignore'
[6.429s] Level 1:colcon.colcon_core.package_identification:_identify(log) ignored
[6.430s] Level 1:colcon.colcon_core.package_identification:_identify(src) by extensions ['ignore', 'ignore_ament_install']
[6.430s] Level 1:colcon.colcon_core.package_identification:_identify(src) by extension 'ignore'
[6.430s] Level 1:colcon.colcon_core.package_identification:_identify(src) by extension 'ignore_ament_install'
[6.430s] Level 1:colcon.colcon_core.package_identification:_identify(src) by extensions ['colcon_pkg']
[6.430s] Level 1:colcon.colcon_core.package_identification:_identify(src) by extension 'colcon_pkg'
[6.430s] Level 1:colcon.colcon_core.package_identification:_identify(src) by extensions ['colcon_meta']
[6.431s] Level 1:colcon.colcon_core.package_identification:_identify(src) by extension 'colcon_meta'
[6.431s] Level 1:colcon.colcon_core.package_identification:_identify(src) by extensions ['ros']
[6.431s] Level 1:colcon.colcon_core.package_identification:_identify(src) by extension 'ros'
[6.431s] Level 1:colcon.colcon_core.package_identification:_identify(src) by extensions ['cmake', 'python']
[6.431s] Level 1:colcon.colcon_core.package_identification:_identify(src) by extension 'cmake'
[6.431s] Level 1:colcon.colcon_core.package_identification:_identify(src) by extension 'python'
[6.431s] Level 1:colcon.colcon_core.package_identification:_identify(src) by extensions ['python_setup_py']
[6.432s] Level 1:colcon.colcon_core.package_identification:_identify(src) by extension 'python_setup_py'
[6.432s] Level 1:colcon.colcon_core.package_identification:_identify(src/my_first_package) by extensions ['ignore', 'ignore_ament_install']
[6.432s] Level 1:colcon.colcon_core.package_identification:_identify(src/my_first_package) by extension 'ignore'
[6.432s] Level 1:colcon.colcon_core.package_identification:_identify(src/my_first_package) by extension 'ignore_ament_install'
[6.432s] Level 1:colcon.colcon_core.package_identification:_identify(src/my_first_package) by extensions ['colcon_pkg']
[6.433s] Level 1:colcon.colcon_core.package_identification:_identify(src/my_first_package) by extension 'colcon_pkg'
[6.433s] Level 1:colcon.colcon_core.package_identification:_identify(src/my_first_package) by extensions ['colcon_meta']
[6.433s] Level 1:colcon.colcon_core.package_identification:_identify(src/my_first_package) by extension 'colcon_meta'
[6.433s] Level 1:colcon.colcon_core.package_identification:_identify(src/my_first_package) by extensions ['ros']
[6.433s] Level 1:colcon.colcon_core.package_identification:_identify(src/my_first_package) by extension 'ros'
[6.490s] DEBUG:colcon.colcon_core.package_identification:Package 'src/my_first_package' with type 'ros.ament_python' and name 'my_first_package'
[6.490s] Level 1:colcon.colcon_core.package_discovery:discover_packages(recursive) using defaults
[6.490s] Level 1:colcon.colcon_core.package_discovery:discover_packages(ignore) discover
[6.490s] Level 1:colcon.colcon_core.package_discovery:discover_packages(ignore) using defaults
[6.491s] Level 1:colcon.colcon_core.package_discovery:discover_packages(path) discover
[6.491s] Level 1:colcon.colcon_core.package_discovery:discover_packages(path) using defaults
[6.820s] Level 1:colcon.colcon_core.package_discovery:discover_packages(prefix_path) check parameters
[6.820s] Level 1:colcon.colcon_core.package_discovery:discover_packages(prefix_path) discover
[6.851s] DEBUG:colcon.colcon_installed_package_information.package_discovery:Found 0 installed packages in /home/rosbot3/navigation2_ws/install
[6.859s] DEBUG:colcon.colcon_installed_package_information.package_discovery:Found 281 installed packages in /opt/ros/humble
[6.893s] Level 1:colcon.colcon_core.package_discovery:discover_packages(prefix_path) using defaults
[7.005s] Level 5:colcon.colcon_core.verb:set package 'my_first_package' build argument 'cmake_args' from command line to 'None'
[7.006s] Level 5:colcon.colcon_core.verb:set package 'my_first_package' build argument 'cmake_target' from command line to 'None'
[7.006s] Level 5:colcon.colcon_core.verb:set package 'my_first_package' build argument 'cmake_target_skip_unavailable' from command line to 'False'
[7.006s] Level 5:colcon.colcon_core.verb:set package 'my_first_package' build argument 'cmake_clean_cache' from command line to 'False'
[7.006s] Level 5:colcon.colcon_core.verb:set package 'my_first_package' build argument 'cmake_clean_first' from command line to 'False'
[7.006s] Level 5:colcon.colcon_core.verb:set package 'my_first_package' build argument 'cmake_force_configure' from command line to 'False'
[7.006s] Level 5:colcon.colcon_core.verb:set package 'my_first_package' build argument 'ament_cmake_args' from command line to 'None'
[7.006s] Level 5:colcon.colcon_core.verb:set package 'my_first_package' build argument 'catkin_cmake_args' from command line to 'None'
[7.006s] Level 5:colcon.colcon_core.verb:set package 'my_first_package' build argument 'catkin_skip_building_tests' from command line to 'False'
[7.006s] DEBUG:colcon.colcon_core.verb:Building package 'my_first_package' with the following arguments: {'ament_cmake_args': None, 'build_base': '/home/rosbot3/navigation2_ws/build/my_first_package', 'catkin_cmake_args': None, 'catkin_skip_building_tests': False, 'cmake_args': None, 'cmake_clean_cache': False, 'cmake_clean_first': False, 'cmake_force_configure': False, 'cmake_target': None, 'cmake_target_skip_unavailable': False, 'install_base': '/home/rosbot3/navigation2_ws/install/my_first_package', 'merge_install': False, 'path': '/home/rosbot3/navigation2_ws/src/my_first_package', 'symlink_install': False, 'test_result_base': None}
[7.006s] INFO:colcon.colcon_core.executor:Executing jobs using 'parallel' executor
[7.008s] DEBUG:colcon.colcon_parallel_executor.executor.parallel:run_until_complete
[7.009s] INFO:colcon.colcon_ros.task.ament_python.build:Building ROS package in '/home/rosbot3/navigation2_ws/src/my_first_package' with build type 'ament_python'
[7.009s] Level 1:colcon.colcon_core.shell:create_environment_hook('my_first_package', 'ament_prefix_path')
[7.041s] INFO:colcon.colcon_core.plugin_system:Skipping extension 'colcon_core.shell.bat': Not used on non-Windows systems
[7.041s] INFO:colcon.colcon_core.shell:Creating environment hook '/home/rosbot3/navigation2_ws/install/my_first_package/share/my_first_package/hook/ament_prefix_path.ps1'
[7.063s] INFO:colcon.colcon_core.shell:Creating environment descriptor '/home/rosbot3/navigation2_ws/install/my_first_package/share/my_first_package/hook/ament_prefix_path.dsv'
[7.081s] INFO:colcon.colcon_core.shell:Creating environment hook '/home/rosbot3/navigation2_ws/install/my_first_package/share/my_first_package/hook/ament_prefix_path.sh'
[7.084s] INFO:colcon.colcon_core.shell:Skip shell extension 'powershell' for command environment: Not usable outside of PowerShell
[7.084s] DEBUG:colcon.colcon_core.shell:Skip shell extension 'dsv' for command environment
[7.519s] INFO:colcon.colcon_core.task.python.build:Building Python package in '/home/rosbot3/navigation2_ws/src/my_first_package'
[7.520s] INFO:colcon.colcon_core.shell:Skip shell extension 'powershell' for command environment: Not usable outside of PowerShell
[7.520s] DEBUG:colcon.colcon_core.shell:Skip shell extension 'dsv' for command environment
[10.722s] DEBUG:colcon.colcon_core.event_handler.log_command:Invoking command in '/home/rosbot3/navigation2_ws/src/my_first_package': PYTHONPATH=/home/rosbot3/navigation2_ws/build/my_first_package/prefix_override:/home/rosbot3/navigation2_ws/install/my_first_package/lib/python3.10/site-packages:${PYTHONPATH} /usr/bin/python3 -W ignore:setup.py install is deprecated setup.py egg_info --egg-base ../../build/my_first_package build --build-base /home/rosbot3/navigation2_ws/build/my_first_package/build install --record /home/rosbot3/navigation2_ws/build/my_first_package/install.log --single-version-externally-managed install_data
[11.263s] DEBUG:colcon.colcon_core.event_handler.log_command:Invoked command in '/home/rosbot3/navigation2_ws/src/my_first_package' returned '0': PYTHONPATH=/home/rosbot3/navigation2_ws/build/my_first_package/prefix_override:/home/rosbot3/navigation2_ws/install/my_first_package/lib/python3.10/site-packages:${PYTHONPATH} /usr/bin/python3 -W ignore:setup.py install is deprecated setup.py egg_info --egg-base ../../build/my_first_package build --build-base /home/rosbot3/navigation2_ws/build/my_first_package/build install --record /home/rosbot3/navigation2_ws/build/my_first_package/install.log --single-version-externally-managed install_data
[11.376s] Level 1:colcon.colcon_core.environment:checking '/home/rosbot3/navigation2_ws/install/my_first_package' for CMake module files
[11.379s] Level 1:colcon.colcon_core.environment:checking '/home/rosbot3/navigation2_ws/install/my_first_package' for CMake config files
[11.382s] Level 1:colcon.colcon_core.environment:checking '/home/rosbot3/navigation2_ws/install/my_first_package/lib'
[11.383s] Level 1:colcon.colcon_core.environment:checking '/home/rosbot3/navigation2_ws/install/my_first_package/bin'
[11.383s] Level 1:colcon.colcon_core.environment:checking '/home/rosbot3/navigation2_ws/install/my_first_package/lib/pkgconfig/my_first_package.pc'
[11.384s] Level 1:colcon.colcon_core.environment:checking '/home/rosbot3/navigation2_ws/install/my_first_package/lib/python3.10/site-packages'
[11.385s] Level 1:colcon.colcon_core.shell:create_environment_hook('my_first_package', 'pythonpath')
[11.386s] INFO:colcon.colcon_core.shell:Creating environment hook '/home/rosbot3/navigation2_ws/install/my_first_package/share/my_first_package/hook/pythonpath.ps1'
[11.388s] INFO:colcon.colcon_core.shell:Creating environment descriptor '/home/rosbot3/navigation2_ws/install/my_first_package/share/my_first_package/hook/pythonpath.dsv'
[11.390s] INFO:colcon.colcon_core.shell:Creating environment hook '/home/rosbot3/navigation2_ws/install/my_first_package/share/my_first_package/hook/pythonpath.sh'
[11.394s] Level 1:colcon.colcon_core.environment:checking '/home/rosbot3/navigation2_ws/install/my_first_package/bin'
[11.395s] Level 1:colcon.colcon_core.environment:create_environment_scripts_only(my_first_package)
[11.397s] INFO:colcon.colcon_core.shell:Creating package script '/home/rosbot3/navigation2_ws/install/my_first_package/share/my_first_package/package.ps1'
[11.410s] INFO:colcon.colcon_core.shell:Creating package descriptor '/home/rosbot3/navigation2_ws/install/my_first_package/share/my_first_package/package.dsv'
[11.428s] INFO:colcon.colcon_core.shell:Creating package script '/home/rosbot3/navigation2_ws/install/my_first_package/share/my_first_package/package.sh'
[11.432s] INFO:colcon.colcon_core.shell:Creating package script '/home/rosbot3/navigation2_ws/install/my_first_package/share/my_first_package/package.bash'
[11.454s] INFO:colcon.colcon_core.shell:Creating package script '/home/rosbot3/navigation2_ws/install/my_first_package/share/my_first_package/package.zsh'
[11.473s] Level 1:colcon.colcon_core.environment:create_file_with_runtime_dependencies(/home/rosbot3/navigation2_ws/install/my_first_package/share/colcon-core/packages/my_first_package)
[11.475s] DEBUG:colcon.colcon_parallel_executor.executor.parallel:closing loop
[11.478s] DEBUG:colcon.colcon_parallel_executor.executor.parallel:loop closed
[11.478s] DEBUG:colcon.colcon_parallel_executor.executor.parallel:run_until_complete finished with '0'
[11.478s] DEBUG:colcon.colcon_core.event_reactor:joining thread
[11.527s] INFO:colcon.colcon_core.plugin_system:Skipping extension 'colcon_notification.desktop_notification.terminal_notifier': Not used on non-Darwin systems
[11.528s] INFO:colcon.colcon_core.plugin_system:Skipping extension 'colcon_notification.desktop_notification.win32': Not used on non-Windows systems
[11.528s] INFO:colcon.colcon_notification.desktop_notification:Sending desktop notification using 'notify2'
[11.587s] DEBUG:colcon.colcon_core.event_reactor:joined thread
[11.589s] INFO:colcon.colcon_core.shell:Creating prefix script '/home/rosbot3/navigation2_ws/install/local_setup.ps1'
[11.592s] INFO:colcon.colcon_core.shell:Creating prefix util module '/home/rosbot3/navigation2_ws/install/_local_setup_util_ps1.py'
[11.598s] INFO:colcon.colcon_core.shell:Creating prefix chain script '/home/rosbot3/navigation2_ws/install/setup.ps1'
[11.603s] INFO:colcon.colcon_core.shell:Creating prefix script '/home/rosbot3/navigation2_ws/install/local_setup.sh'
[11.606s] INFO:colcon.colcon_core.shell:Creating prefix util module '/home/rosbot3/navigation2_ws/install/_local_setup_util_sh.py'
[11.607s] INFO:colcon.colcon_core.shell:Creating prefix chain script '/home/rosbot3/navigation2_ws/install/setup.sh'
[11.611s] INFO:colcon.colcon_core.shell:Creating prefix script '/home/rosbot3/navigation2_ws/install/local_setup.bash'
[11.613s] INFO:colcon.colcon_core.shell:Creating prefix chain script '/home/rosbot3/navigation2_ws/install/setup.bash'
[11.616s] INFO:colcon.colcon_core.shell:Creating prefix script '/home/rosbot3/navigation2_ws/install/local_setup.zsh'
[11.617s] INFO:colcon.colcon_core.shell:Creating prefix chain script '/home/rosbot3/navigation2_ws/install/setup.zsh'
