[5.705s] DEBUG:colcon:Command line arguments: ['/usr/bin/colcon', 'build']
[5.705s] DEBUG:colcon:Parsed command line arguments: Namespace(log_base=None, log_level=None, verb_name='build', build_base='build', install_base='install', merge_install=False, symlink_install=False, test_result_base=None, continue_on_error=False, executor='parallel', parallel_workers=4, event_handlers=None, ignore_user_meta=False, metas=['./colcon.meta'], base_paths=['.'], packages_ignore=None, packages_ignore_regex=None, paths=None, packages_up_to=None, packages_up_to_regex=None, packages_above=None, packages_above_and_dependencies=None, packages_above_depth=None, packages_select_by_dep=None, packages_skip_by_dep=None, packages_skip_up_to=None, packages_select_build_failed=False, packages_skip_build_finished=False, packages_select_test_failures=False, packages_skip_test_passed=False, packages_select=None, packages_skip=None, packages_select_regex=None, packages_skip_regex=None, packages_start=None, packages_end=None, allow_overriding=[], cmake_args=None, cmake_target=None, cmake_target_skip_unavailable=False, cmake_clean_cache=False, cmake_clean_first=False, cmake_force_configure=False, ament_cmake_args=None, catkin_cmake_args=None, catkin_skip_building_tests=False, verb_parser=<colcon_defaults.argument_parser.defaults.DefaultArgumentsDecorator object at 0x789efd040310>, verb_extension=<colcon_core.verb.build.BuildVerb object at 0x789efd013cd0>, main=<bound method BuildVerb.main of <colcon_core.verb.build.BuildVerb object at 0x789efd013cd0>>)
[10.533s] Level 1:colcon.colcon_core.package_discovery:discover_packages(colcon_meta) check parameters
[10.534s] Level 1:colcon.colcon_core.package_discovery:discover_packages(recursive) check parameters
[10.534s] Level 1:colcon.colcon_core.package_discovery:discover_packages(ignore) check parameters
[10.534s] Level 1:colcon.colcon_core.package_discovery:discover_packages(path) check parameters
[10.535s] Level 1:colcon.colcon_core.package_discovery:discover_packages(colcon_meta) discover
[10.535s] Level 1:colcon.colcon_core.package_discovery:discover_packages(recursive) discover
[10.535s] INFO:colcon.colcon_core.package_discovery:Crawling recursively for packages in '/home/rosbot3/navigation2_ws'
[10.536s] Level 1:colcon.colcon_core.package_identification:_identify(.) by extensions ['ignore', 'ignore_ament_install']
[10.537s] Level 1:colcon.colcon_core.package_identification:_identify(.) by extension 'ignore'
[10.537s] Level 1:colcon.colcon_core.package_identification:_identify(.) by extension 'ignore_ament_install'
[10.537s] Level 1:colcon.colcon_core.package_identification:_identify(.) by extensions ['colcon_pkg']
[10.538s] Level 1:colcon.colcon_core.package_identification:_identify(.) by extension 'colcon_pkg'
[10.538s] Level 1:colcon.colcon_core.package_identification:_identify(.) by extensions ['colcon_meta']
[10.538s] Level 1:colcon.colcon_core.package_identification:_identify(.) by extension 'colcon_meta'
[10.538s] Level 1:colcon.colcon_core.package_identification:_identify(.) by extensions ['ros']
[10.538s] Level 1:colcon.colcon_core.package_identification:_identify(.) by extension 'ros'
[10.642s] Level 1:colcon.colcon_core.package_identification:_identify(.) by extensions ['cmake', 'python']
[10.642s] Level 1:colcon.colcon_core.package_identification:_identify(.) by extension 'cmake'
[10.643s] Level 1:colcon.colcon_core.package_identification:_identify(.) by extension 'python'
[10.643s] Level 1:colcon.colcon_core.package_identification:_identify(.) by extensions ['python_setup_py']
[10.643s] Level 1:colcon.colcon_core.package_identification:_identify(.) by extension 'python_setup_py'
[10.644s] Level 1:colcon.colcon_core.package_identification:_identify(build) by extensions ['ignore', 'ignore_ament_install']
[10.644s] Level 1:colcon.colcon_core.package_identification:_identify(build) by extension 'ignore'
[10.644s] Level 1:colcon.colcon_core.package_identification:_identify(build) ignored
[10.645s] Level 1:colcon.colcon_core.package_identification:_identify(install) by extensions ['ignore', 'ignore_ament_install']
[10.645s] Level 1:colcon.colcon_core.package_identification:_identify(install) by extension 'ignore'
[10.645s] Level 1:colcon.colcon_core.package_identification:_identify(install) ignored
[10.646s] Level 1:colcon.colcon_core.package_identification:_identify(log) by extensions ['ignore', 'ignore_ament_install']
[10.646s] Level 1:colcon.colcon_core.package_identification:_identify(log) by extension 'ignore'
[10.646s] Level 1:colcon.colcon_core.package_identification:_identify(log) ignored
[10.646s] Level 1:colcon.colcon_core.package_identification:_identify(src) by extensions ['ignore', 'ignore_ament_install']
[10.647s] Level 1:colcon.colcon_core.package_identification:_identify(src) by extension 'ignore'
[10.647s] Level 1:colcon.colcon_core.package_identification:_identify(src) by extension 'ignore_ament_install'
[10.647s] Level 1:colcon.colcon_core.package_identification:_identify(src) by extensions ['colcon_pkg']
[10.647s] Level 1:colcon.colcon_core.package_identification:_identify(src) by extension 'colcon_pkg'
[10.648s] Level 1:colcon.colcon_core.package_identification:_identify(src) by extensions ['colcon_meta']
[10.648s] Level 1:colcon.colcon_core.package_identification:_identify(src) by extension 'colcon_meta'
[10.648s] Level 1:colcon.colcon_core.package_identification:_identify(src) by extensions ['ros']
[10.648s] Level 1:colcon.colcon_core.package_identification:_identify(src) by extension 'ros'
[10.648s] Level 1:colcon.colcon_core.package_identification:_identify(src) by extensions ['cmake', 'python']
[10.649s] Level 1:colcon.colcon_core.package_identification:_identify(src) by extension 'cmake'
[10.649s] Level 1:colcon.colcon_core.package_identification:_identify(src) by extension 'python'
[10.649s] Level 1:colcon.colcon_core.package_identification:_identify(src) by extensions ['python_setup_py']
[10.649s] Level 1:colcon.colcon_core.package_identification:_identify(src) by extension 'python_setup_py'
[10.649s] Level 1:colcon.colcon_core.package_discovery:discover_packages(recursive) using defaults
[10.649s] Level 1:colcon.colcon_core.package_discovery:discover_packages(ignore) discover
[10.649s] Level 1:colcon.colcon_core.package_discovery:discover_packages(ignore) using defaults
[10.650s] Level 1:colcon.colcon_core.package_discovery:discover_packages(path) discover
[10.650s] Level 1:colcon.colcon_core.package_discovery:discover_packages(path) using defaults
[11.090s] Level 1:colcon.colcon_core.package_discovery:discover_packages(prefix_path) check parameters
[11.090s] Level 1:colcon.colcon_core.package_discovery:discover_packages(prefix_path) discover
[11.124s] DEBUG:colcon.colcon_installed_package_information.package_discovery:Found 281 installed packages in /opt/ros/humble
[11.167s] Level 1:colcon.colcon_core.package_discovery:discover_packages(prefix_path) using defaults
[12.650s] INFO:colcon.colcon_core.executor:Executing jobs using 'parallel' executor
[12.652s] DEBUG:colcon.colcon_parallel_executor.executor.parallel:run_until_complete
[12.652s] DEBUG:colcon.colcon_parallel_executor.executor.parallel:closing loop
[12.653s] DEBUG:colcon.colcon_parallel_executor.executor.parallel:loop closed
[12.653s] DEBUG:colcon.colcon_parallel_executor.executor.parallel:run_until_complete finished with '0'
[12.653s] DEBUG:colcon.colcon_core.event_reactor:joining thread
[12.689s] INFO:colcon.colcon_core.plugin_system:Skipping extension 'colcon_notification.desktop_notification.terminal_notifier': Not used on non-Darwin systems
[12.690s] INFO:colcon.colcon_core.plugin_system:Skipping extension 'colcon_notification.desktop_notification.win32': Not used on non-Windows systems
[12.690s] INFO:colcon.colcon_notification.desktop_notification:Sending desktop notification using 'notify2'
[12.734s] DEBUG:colcon.colcon_core.event_reactor:joined thread
[12.856s] INFO:colcon.colcon_core.plugin_system:Skipping extension 'colcon_core.shell.bat': Not used on non-Windows systems
[12.856s] INFO:colcon.colcon_core.shell:Creating prefix script '/home/rosbot3/navigation2_ws/install/local_setup.ps1'
[12.880s] INFO:colcon.colcon_core.shell:Creating prefix util module '/home/rosbot3/navigation2_ws/install/_local_setup_util_ps1.py'
[12.904s] INFO:colcon.colcon_core.shell:Creating prefix chain script '/home/rosbot3/navigation2_ws/install/setup.ps1'
[12.911s] INFO:colcon.colcon_core.shell:Creating prefix script '/home/rosbot3/navigation2_ws/install/local_setup.sh'
[12.915s] INFO:colcon.colcon_core.shell:Creating prefix util module '/home/rosbot3/navigation2_ws/install/_local_setup_util_sh.py'
[12.917s] INFO:colcon.colcon_core.shell:Creating prefix chain script '/home/rosbot3/navigation2_ws/install/setup.sh'
[12.924s] INFO:colcon.colcon_core.shell:Creating prefix script '/home/rosbot3/navigation2_ws/install/local_setup.bash'
[12.946s] INFO:colcon.colcon_core.shell:Creating prefix chain script '/home/rosbot3/navigation2_ws/install/setup.bash'
[12.951s] INFO:colcon.colcon_core.shell:Creating prefix script '/home/rosbot3/navigation2_ws/install/local_setup.zsh'
[12.964s] INFO:colcon.colcon_core.shell:Creating prefix chain script '/home/rosbot3/navigation2_ws/install/setup.zsh'
